
> Unique-World@1.0.1 build
> vite build

The CJS build of Vite's Node API is deprecated. See https://vite.dev/guide/troubleshooting.html#vite-cjs-node-api-deprecated for more details.
[36mvite v5.4.21 [32mbuilding for production...[36m[39m
transforming...
[32mΓ£ô[39m 7069 modules transformed.
x Build failed in 1m 14s
error during build:
src/components/Forms/Public/Attachment_File.js (18:9): "ReactComponent" is not exported by "src/assets/images/x.svg", imported by "src/components/Forms/Public/Attachment_File.js".
file: C:/Ahmed Raza/WorkPilot/src/components/Forms/Public/Attachment_File.js:18:9

16: import actions from "../../../redux/fileUploadProgress.js/actions";
17: // import { toast } from 'react-toastify'
18: import { ReactComponent as Cancel } from "../../../assets/images/x.svg";
             ^
19: const Attachment_File = ({
20:   CandidateHandler = () => { },

    at getRollupError (file:///C:/Ahmed%20Raza/WorkPilot/node_modules/vite/node_modules/rollup/dist/es/shared/parseAst.js:402:41)
    at error (file:///C:/Ahmed%20Raza/WorkPilot/node_modules/vite/node_modules/rollup/dist/es/shared/parseAst.js:398:42)
    at Module.error (file:///C:/Ahmed%20Raza/WorkPilot/node_modules/vite/node_modules/rollup/dist/es/shared/node-entry.js:17040:16)
    at Module.traceVariable (file:///C:/Ahmed%20Raza/WorkPilot/node_modules/vite/node_modules/rollup/dist/es/shared/node-entry.js:17452:29)
    at ModuleScope.findVariable (file:///C:/Ahmed%20Raza/WorkPilot/node_modules/vite/node_modules/rollup/dist/es/shared/node-entry.js:15070:39)
    at ReturnValueScope.findVariable (file:///C:/Ahmed%20Raza/WorkPilot/node_modules/vite/node_modules/rollup/dist/es/shared/node-entry.js:5673:38)
    at FunctionBodyScope.findVariable (file:///C:/Ahmed%20Raza/WorkPilot/node_modules/vite/node_modules/rollup/dist/es/shared/node-entry.js:5673:38)
    at Identifier.bind (file:///C:/Ahmed%20Raza/WorkPilot/node_modules/vite/node_modules/rollup/dist/es/shared/node-entry.js:5447:40)
    at CallExpression.bind (file:///C:/Ahmed%20Raza/WorkPilot/node_modules/vite/node_modules/rollup/dist/es/shared/node-entry.js:2825:28)
    at CallExpression.bind (file:///C:/Ahmed%20Raza/WorkPilot/node_modules/vite/node_modules/rollup/dist/es/shared/node-entry.js:12179:15)
